<?xml version="1.0" encoding="UTF-8"?>
<testsuite xmlns:xsi="http://www.w3.org/2001/XMLSchema-instance" xsi:noNamespaceSchemaLocation="https://maven.apache.org/surefire/maven-surefire-plugin/xsd/surefire-test-report-3.0.xsd" version="3.0" name="com.stockbit.automation.CucumberTestRunner" time="132.994" tests="43" errors="0" skipped="0" failures="0">
  <properties>
[...]
</properties>
  <testcase name="Addresses API - Successfully retrieve addresses list" classname="Addresses API" time="3.609">
    <system-out><![CDATA[
  .   ____          _            __ _ _
 /\\ / ___'_ __ _ _(_)_ __  __ _ \ \ \ \
( ( )\___ | '_ | '_| | '_ \/ _` | \ \ \ \
 \\/  ___)| |_)| | | | | || (_| |  ) ) ) )
  '  |____| .__|_| |_|_| |_\__, | / / / /
 =========|_|==============|___/=/_/_/_/
&amp#27;[32m :: Spring Boot :: &amp#27;[39m              &amp#27;[2m (v3.2.5)&amp#27;[0;39m

2025-11-02 07:38:32 - Starting CucumberSpringConfiguration using Java 23.0.2 with PID 37475 (started by apriliyantoko in /Users/apriliyantoko/Documents/Code/Stockbit/automation-api)
2025-11-02 07:38:32 - Running with Spring Boot v3.2.5, Spring v6.1.6
2025-11-02 07:38:32 - No active profile set, falling back to 1 default profile: "default"
2025-11-02 07:38:33 - Started CucumberSpringConfiguration in 0.635 seconds (process running for 1.251)

@Regression @Addresses @Positive
Scenario: Successfully retrieve addresses list              &amp#27;[90m# features/addresses.feature:10&amp#27;[0m
  &amp#27;[32mGiven &amp#27;[0m&amp#27;[32mthe API base URL is &amp#27;[0m&amp#27;[32m&amp#27;[1m"https://fakerapi.it/api/v2"&amp#27;[0m    &amp#27;[90m# com.stockbit.automation.steps.BasicApiSteps.setApiBaseUrl(java.lang.String)&amp#27;[0m
  &amp#27;[32mWhen &amp#27;[0m&amp#27;[32mI send a GET request to API &amp#27;[0m&amp#27;[32m&amp#27;[1m"/addresses?_quantity=1"&amp#27;[0m &amp#27;[90m# com.stockbit.automation.steps.BasicApiSteps.sendGetRequest(java.lang.String)&amp#27;[0m
  &amp#27;[32mThen &amp#27;[0m&amp#27;[32mthe API response status code should be &amp#27;[0m&amp#27;[32m&amp#27;[1m200&amp#27;[0m           &amp#27;[90m# com.stockbit.automation.steps.BasicApiSteps.verifyStatusCode(int)&amp#27;[0m
  &amp#27;[32mAnd &amp#27;[0m&amp#27;[32mthe API response should contain the following data:&amp#27;[0m   &amp#27;[90m# com.stockbit.automation.steps.BasicApiSteps.verifyResponseData(io.cucumber.datatable.DataTable)&amp#27;[0m
    | status | OK  |
    | code   | 200 |
    | total  | 1   |
]]></system-out>
    <system-err><![CDATA[WARNING: A Java agent has been loaded dynamically (/Users/apriliyantoko/.m2/repository/net/bytebuddy/byte-buddy-agent/1.14.13/byte-buddy-agent-1.14.13.jar)
WARNING: If a serviceability tool is in use, please run with -XX:+EnableDynamicAgentLoading to hide this warning
WARNING: If a serviceability tool is not in use, please run with -Djdk.instrument.traceUsage for more information
WARNING: Dynamic loading of agents will be disallowed by default in a future release
]]></system-err>
  </testcase>
  <testcase name="Addresses API - Successfully retrieve address with default locale" classname="Addresses API" time="2.993">
    <system-out><![CDATA[
@Regression @Addresses @Positive
Scenario: Successfully retrieve address with default locale &amp#27;[90m# features/addresses.feature:19&amp#27;[0m
  &amp#27;[32mGiven &amp#27;[0m&amp#27;[32mthe API base URL is &amp#27;[0m&amp#27;[32m&amp#27;[1m"https://fakerapi.it/api/v2"&amp#27;[0m    &amp#27;[90m# com.stockbit.automation.steps.BasicApiSteps.setApiBaseUrl(java.lang.String)&amp#27;[0m
  &amp#27;[32mWhen &amp#27;[0m&amp#27;[32mI send a GET request to API &amp#27;[0m&amp#27;[32m&amp#27;[1m"/addresses?_quantity=1"&amp#27;[0m &amp#27;[90m# com.stockbit.automation.steps.BasicApiSteps.sendGetRequest(java.lang.String)&amp#27;[0m
  &amp#27;[32mThen &amp#27;[0m&amp#27;[32mthe API response status code should be &amp#27;[0m&amp#27;[32m&amp#27;[1m200&amp#27;[0m           &amp#27;[90m# com.stockbit.automation.steps.BasicApiSteps.verifyStatusCode(int)&amp#27;[0m
  &amp#27;[32mAnd &amp#27;[0m&amp#27;[32mthe API response should contain the following data:&amp#27;[0m   &amp#27;[90m# com.stockbit.automation.steps.BasicApiSteps.verifyResponseData(io.cucumber.datatable.DataTable)&amp#27;[0m
    | status | OK    |
    | code   | 200   |
    | total  | 1     |
    | locale | en_US |
]]></system-out>
  </testcase>
  <testcase name="Addresses API - Successfully retrieve multiple addresses" classname="Addresses API" time="1.953">
    <system-out><![CDATA[
@Regression @Addresses @Positive
Scenario: Successfully retrieve multiple addresses          &amp#27;[90m# features/addresses.feature:29&amp#27;[0m
  &amp#27;[32mGiven &amp#27;[0m&amp#27;[32mthe API base URL is &amp#27;[0m&amp#27;[32m&amp#27;[1m"https://fakerapi.it/api/v2"&amp#27;[0m    &amp#27;[90m# com.stockbit.automation.steps.BasicApiSteps.setApiBaseUrl(java.lang.String)&amp#27;[0m
  &amp#27;[32mWhen &amp#27;[0m&amp#27;[32mI send a GET request to API &amp#27;[0m&amp#27;[32m&amp#27;[1m"/addresses?_quantity=5"&amp#27;[0m &amp#27;[90m# com.stockbit.automation.steps.BasicApiSteps.sendGetRequest(java.lang.String)&amp#27;[0m
  &amp#27;[32mThen &amp#27;[0m&amp#27;[32mthe API response status code should be &amp#27;[0m&amp#27;[32m&amp#27;[1m200&amp#27;[0m           &amp#27;[90m# com.stockbit.automation.steps.BasicApiSteps.verifyStatusCode(int)&amp#27;[0m
  &amp#27;[32mAnd &amp#27;[0m&amp#27;[32mthe API response should contain the following data:&amp#27;[0m   &amp#27;[90m# com.stockbit.automation.steps.BasicApiSteps.verifyResponseData(io.cucumber.datatable.DataTable)&amp#27;[0m
    | status | OK  |
    | code   | 200 |
    | total  | 5   |
]]></system-out>
  </testcase>
  <testcase name="Addresses API - Successfully retrieve addresses with Indonesian locale" classname="Addresses API" time="1.801">
    <system-out><![CDATA[
@Regression @Addresses @Positive
Scenario: Successfully retrieve addresses with Indonesian locale          &amp#27;[90m# features/addresses.feature:38&amp#27;[0m
  &amp#27;[32mGiven &amp#27;[0m&amp#27;[32mthe API base URL is &amp#27;[0m&amp#27;[32m&amp#27;[1m"https://fakerapi.it/api/v2"&amp#27;[0m                  &amp#27;[90m# com.stockbit.automation.steps.BasicApiSteps.setApiBaseUrl(java.lang.String)&amp#27;[0m
  &amp#27;[32mWhen &amp#27;[0m&amp#27;[32mI send a GET request to API &amp#27;[0m&amp#27;[32m&amp#27;[1m"/addresses?_quantity=1&_locale=id_ID"&amp#27;[0m &amp#27;[90m# com.stockbit.automation.steps.BasicApiSteps.sendGetRequest(java.lang.String)&amp#27;[0m
  &amp#27;[32mThen &amp#27;[0m&amp#27;[32mthe API response status code should be &amp#27;[0m&amp#27;[32m&amp#27;[1m200&amp#27;[0m                         &amp#27;[90m# com.stockbit.automation.steps.BasicApiSteps.verifyStatusCode(int)&amp#27;[0m
  &amp#27;[32mAnd &amp#27;[0m&amp#27;[32mthe API response should contain the following data:&amp#27;[0m                 &amp#27;[90m# com.stockbit.automation.steps.BasicApiSteps.verifyResponseData(io.cucumber.datatable.DataTable)&amp#27;[0m
    | status | OK    |
    | code   | 200   |
    | locale | id_ID |
    | total  | 1     |
]]></system-out>
  </testcase>
  <testcase name="Addresses API - Successfully retrieve addresses with a specific seed" classname="Addresses API" time="1.603">
    <system-out><![CDATA[
@Regression @Addresses @Positive
Scenario: Successfully retrieve addresses with a specific seed          &amp#27;[90m# features/addresses.feature:48&amp#27;[0m
  &amp#27;[32mGiven &amp#27;[0m&amp#27;[32mthe API base URL is &amp#27;[0m&amp#27;[32m&amp#27;[1m"https://fakerapi.it/api/v2"&amp#27;[0m                &amp#27;[90m# com.stockbit.automation.steps.BasicApiSteps.setApiBaseUrl(java.lang.String)&amp#27;[0m
  &amp#27;[32mWhen &amp#27;[0m&amp#27;[32mI send a GET request to API &amp#27;[0m&amp#27;[32m&amp#27;[1m"/addresses?_quantity=1&_seed=12345"&amp#27;[0m &amp#27;[90m# com.stockbit.automation.steps.BasicApiSteps.sendGetRequest(java.lang.String)&amp#27;[0m
  &amp#27;[32mThen &amp#27;[0m&amp#27;[32mthe API response status code should be &amp#27;[0m&amp#27;[32m&amp#27;[1m200&amp#27;[0m                       &amp#27;[90m# com.stockbit.automation.steps.BasicApiSteps.verifyStatusCode(int)&amp#27;[0m
  &amp#27;[32mAnd &amp#27;[0m&amp#27;[32mthe API response should contain the following data:&amp#27;[0m               &amp#27;[90m# com.stockbit.automation.steps.BasicApiSteps.verifyResponseData(io.cucumber.datatable.DataTable)&amp#27;[0m
    | status | OK    |
    | code   | 200   |
    | seed   | 12345 |
    | total  | 1     |
]]></system-out>
  </testcase>
  <testcase name="Addresses API - Verify address data structure" classname="Addresses API" time="1.84">
    <system-out><![CDATA[
@Regression @Addresses @Positive
Scenario: Verify address data structure                     &amp#27;[90m# features/addresses.feature:58&amp#27;[0m
  &amp#27;[32mGiven &amp#27;[0m&amp#27;[32mthe API base URL is &amp#27;[0m&amp#27;[32m&amp#27;[1m"https://fakerapi.it/api/v2"&amp#27;[0m    &amp#27;[90m# com.stockbit.automation.steps.BasicApiSteps.setApiBaseUrl(java.lang.String)&amp#27;[0m
  &amp#27;[32mWhen &amp#27;[0m&amp#27;[32mI send a GET request to API &amp#27;[0m&amp#27;[32m&amp#27;[1m"/addresses?_quantity=1"&amp#27;[0m &amp#27;[90m# com.stockbit.automation.steps.BasicApiSteps.sendGetRequest(java.lang.String)&amp#27;[0m
  &amp#27;[32mThen &amp#27;[0m&amp#27;[32mthe API response status code should be &amp#27;[0m&amp#27;[32m&amp#27;[1m200&amp#27;[0m           &amp#27;[90m# com.stockbit.automation.steps.BasicApiSteps.verifyStatusCode(int)&amp#27;[0m
  &amp#27;[32mAnd &amp#27;[0m&amp#27;[32meach the response should have the following fields:&amp#27;[0m   &amp#27;[90m# com.stockbit.automation.steps.BasicApiSteps.verifyFields(io.cucumber.datatable.DataTable)&amp#27;[0m
    | street         |
    | streetName     |
    | buildingNumber |
    | city           |
    | zipcode        |
    | country        |
    | country_code   |
    | latitude       |
    | longitude      |
]]></system-out>
  </testcase>
  <testcase name="Addresses API - Successfully retrieve addresses with county_code field" classname="Addresses API" time="2.172">
    <system-out><![CDATA[
@Regression @Addresses @Positive
Scenario: Successfully retrieve addresses with county_code field              &amp#27;[90m# features/addresses.feature:73&amp#27;[0m
  &amp#27;[32mGiven &amp#27;[0m&amp#27;[32mthe API base URL is &amp#27;[0m&amp#27;[32m&amp#27;[1m"https://fakerapi.it/api/v2"&amp#27;[0m                      &amp#27;[90m# com.stockbit.automation.steps.BasicApiSteps.setApiBaseUrl(java.lang.String)&amp#27;[0m
  &amp#27;[32mWhen &amp#27;[0m&amp#27;[32mI send a GET request to API &amp#27;[0m&amp#27;[32m&amp#27;[1m"/addresses?_quantity=10&_country_code=ID"&amp#27;[0m &amp#27;[90m# com.stockbit.automation.steps.BasicApiSteps.sendGetRequest(java.lang.String)&amp#27;[0m
  &amp#27;[32mThen &amp#27;[0m&amp#27;[32mthe API response status code should be &amp#27;[0m&amp#27;[32m&amp#27;[1m200&amp#27;[0m                             &amp#27;[90m# com.stockbit.automation.steps.BasicApiSteps.verifyStatusCode(int)&amp#27;[0m
  &amp#27;[32mAnd &amp#27;[0m&amp#27;[32mthe API response should contain the following data:&amp#27;[0m                     &amp#27;[90m# com.stockbit.automation.steps.BasicApiSteps.verifyResponseData(io.cucumber.datatable.DataTable)&amp#27;[0m
    | status | OK  |
    | code   | 200 |
    | total  | 10  |
]]></system-out>
  </testcase>
  <testcase name="Addresses API - Request get address with invalid locale" classname="Addresses API" time="1.678">
    <system-out><![CDATA[
@Regression @Addresses @Negative
Scenario: Request get address with invalid locale                                  &amp#27;[90m# features/addresses.feature:82&amp#27;[0m
  &amp#27;[32mGiven &amp#27;[0m&amp#27;[32mthe API base URL is &amp#27;[0m&amp#27;[32m&amp#27;[1m"https://fakerapi.it/api/v2"&amp#27;[0m                           &amp#27;[90m# com.stockbit.automation.steps.BasicApiSteps.setApiBaseUrl(java.lang.String)&amp#27;[0m
  &amp#27;[32mWhen &amp#27;[0m&amp#27;[32mI send a GET request to API &amp#27;[0m&amp#27;[32m&amp#27;[1m"/addresses?_quantity=1&_locale=invalid_locale"&amp#27;[0m &amp#27;[90m# com.stockbit.automation.steps.BasicApiSteps.sendGetRequest(java.lang.String)&amp#27;[0m
  &amp#27;[32mThen &amp#27;[0m&amp#27;[32mthe API response status code should be &amp#27;[0m&amp#27;[32m&amp#27;[1m200&amp#27;[0m                                  &amp#27;[90m# com.stockbit.automation.steps.BasicApiSteps.verifyStatusCode(int)&amp#27;[0m
  &amp#27;[32mAnd &amp#27;[0m&amp#27;[32mthe API response should contain the following data:&amp#27;[0m                          &amp#27;[90m# com.stockbit.automation.steps.BasicApiSteps.verifyResponseData(io.cucumber.datatable.DataTable)&amp#27;[0m
    | status | OK    |
    | code   | 200   |
    | locale | en_US |
]]></system-out>
  </testcase>
  <testcase name="Addresses API - Request get address with excessive quantity" classname="Addresses API" time="3.542">
    <system-out><![CDATA[
@Regression @Addresses @Negative
Scenario: Request get address with excessive quantity          &amp#27;[90m# features/addresses.feature:91&amp#27;[0m
  &amp#27;[32mGiven &amp#27;[0m&amp#27;[32mthe API base URL is &amp#27;[0m&amp#27;[32m&amp#27;[1m"https://fakerapi.it/api/v2"&amp#27;[0m       &amp#27;[90m# com.stockbit.automation.steps.BasicApiSteps.setApiBaseUrl(java.lang.String)&amp#27;[0m
  &amp#27;[32mWhen &amp#27;[0m&amp#27;[32mI send a GET request to API &amp#27;[0m&amp#27;[32m&amp#27;[1m"/addresses?_quantity=2000"&amp#27;[0m &amp#27;[90m# com.stockbit.automation.steps.BasicApiSteps.sendGetRequest(java.lang.String)&amp#27;[0m
  &amp#27;[32mThen &amp#27;[0m&amp#27;[32mthe API response status code should be &amp#27;[0m&amp#27;[32m&amp#27;[1m200&amp#27;[0m              &amp#27;[90m# com.stockbit.automation.steps.BasicApiSteps.verifyStatusCode(int)&amp#27;[0m
  &amp#27;[32mAnd &amp#27;[0m&amp#27;[32mthe API response should contain the following data:&amp#27;[0m      &amp#27;[90m# com.stockbit.automation.steps.BasicApiSteps.verifyResponseData(io.cucumber.datatable.DataTable)&amp#27;[0m
    | status | OK   |
    | code   | 200  |
    | total  | 1000 |
]]></system-out>
  </testcase>
  <testcase name="Addresses API - Request get address with negative quantity" classname="Addresses API" time="2.072">
    <system-out><![CDATA[
@Regression @Addresses @Negative
Scenario: Request get address with negative quantity         &amp#27;[90m# features/addresses.feature:100&amp#27;[0m
  &amp#27;[32mGiven &amp#27;[0m&amp#27;[32mthe API base URL is &amp#27;[0m&amp#27;[32m&amp#27;[1m"https://fakerapi.it/api/v2"&amp#27;[0m     &amp#27;[90m# com.stockbit.automation.steps.BasicApiSteps.setApiBaseUrl(java.lang.String)&amp#27;[0m
  &amp#27;[32mWhen &amp#27;[0m&amp#27;[32mI send a GET request to API &amp#27;[0m&amp#27;[32m&amp#27;[1m"/addresses?_quantity=-5"&amp#27;[0m &amp#27;[90m# com.stockbit.automation.steps.BasicApiSteps.sendGetRequest(java.lang.String)&amp#27;[0m
  &amp#27;[32mThen &amp#27;[0m&amp#27;[32mthe API response status code should be &amp#27;[0m&amp#27;[32m&amp#27;[1m200&amp#27;[0m            &amp#27;[90m# com.stockbit.automation.steps.BasicApiSteps.verifyStatusCode(int)&amp#27;[0m
  &amp#27;[32mAnd &amp#27;[0m&amp#27;[32mthe API response should contain the following data:&amp#27;[0m    &amp#27;[90m# com.stockbit.automation.steps.BasicApiSteps.verifyResponseData(io.cucumber.datatable.DataTable)&amp#27;[0m
    | status | OK  |
    | code   | 200 |
    | total  | 10  |
]]></system-out>
  </testcase>
  <testcase name="Addresses API - Request get address with zero quantity" classname="Addresses API" time="2.012">
    <system-out><![CDATA[
@Regression @Addresses @Negative
Scenario: Request get address with zero quantity            &amp#27;[90m# features/addresses.feature:109&amp#27;[0m
  &amp#27;[32mGiven &amp#27;[0m&amp#27;[32mthe API base URL is &amp#27;[0m&amp#27;[32m&amp#27;[1m"https://fakerapi.it/api/v2"&amp#27;[0m    &amp#27;[90m# com.stockbit.automation.steps.BasicApiSteps.setApiBaseUrl(java.lang.String)&amp#27;[0m
  &amp#27;[32mWhen &amp#27;[0m&amp#27;[32mI send a GET request to API &amp#27;[0m&amp#27;[32m&amp#27;[1m"/addresses?_quantity=0"&amp#27;[0m &amp#27;[90m# com.stockbit.automation.steps.BasicApiSteps.sendGetRequest(java.lang.String)&amp#27;[0m
  &amp#27;[32mThen &amp#27;[0m&amp#27;[32mthe API response status code should be &amp#27;[0m&amp#27;[32m&amp#27;[1m200&amp#27;[0m           &amp#27;[90m# com.stockbit.automation.steps.BasicApiSteps.verifyStatusCode(int)&amp#27;[0m
  &amp#27;[32mAnd &amp#27;[0m&amp#27;[32mthe API response should contain the following data:&amp#27;[0m   &amp#27;[90m# com.stockbit.automation.steps.BasicApiSteps.verifyResponseData(io.cucumber.datatable.DataTable)&amp#27;[0m
    | status | OK  |
    | code   | 200 |
    | total  | 10  |
]]></system-out>
  </testcase>
  <testcase name="FakerAPI Books API Testing - Successfully retrieve a single book with default locale" classname="FakerAPI Books API Testing" time="1.58">
    <system-out><![CDATA[
@Regression @Books @Positive
Scenario: Successfully retrieve a single book with default locale &amp#27;[90m# features/books.feature:10&amp#27;[0m
  &amp#27;[32mGiven &amp#27;[0m&amp#27;[32mthe API base URL is &amp#27;[0m&amp#27;[32m&amp#27;[1m"https://fakerapi.it/api/v2"&amp#27;[0m          &amp#27;[90m# com.stockbit.automation.steps.BasicApiSteps.setApiBaseUrl(java.lang.String)&amp#27;[0m
  &amp#27;[32mWhen &amp#27;[0m&amp#27;[32mI send a GET request to API &amp#27;[0m&amp#27;[32m&amp#27;[1m"/books?_quantity=1"&amp#27;[0m           &amp#27;[90m# com.stockbit.automation.steps.BasicApiSteps.sendGetRequest(java.lang.String)&amp#27;[0m
  &amp#27;[32mThen &amp#27;[0m&amp#27;[32mthe API response status code should be &amp#27;[0m&amp#27;[32m&amp#27;[1m200&amp#27;[0m                 &amp#27;[90m# com.stockbit.automation.steps.BasicApiSteps.verifyStatusCode(int)&amp#27;[0m
  &amp#27;[32mAnd &amp#27;[0m&amp#27;[32mthe API response should contain the following data:&amp#27;[0m         &amp#27;[90m# com.stockbit.automation.steps.BasicApiSteps.verifyResponseData(io.cucumber.datatable.DataTable)&amp#27;[0m
    | status | OK    |
    | code   | 200   |
    | total  | 1     |
    | locale | en_US |
]]></system-out>
  </testcase>
  <testcase name="FakerAPI Books API Testing - Successfully retrieve multiple books" classname="FakerAPI Books API Testing" time="2.228">
    <system-out><![CDATA[
@Regression @Books @Positive
Scenario: Successfully retrieve multiple books            &amp#27;[90m# features/books.feature:20&amp#27;[0m
  &amp#27;[32mGiven &amp#27;[0m&amp#27;[32mthe API base URL is &amp#27;[0m&amp#27;[32m&amp#27;[1m"https://fakerapi.it/api/v2"&amp#27;[0m  &amp#27;[90m# com.stockbit.automation.steps.BasicApiSteps.setApiBaseUrl(java.lang.String)&amp#27;[0m
  &amp#27;[32mWhen &amp#27;[0m&amp#27;[32mI send a GET request to API &amp#27;[0m&amp#27;[32m&amp#27;[1m"/books?_quantity=5"&amp#27;[0m   &amp#27;[90m# com.stockbit.automation.steps.BasicApiSteps.sendGetRequest(java.lang.String)&amp#27;[0m
  &amp#27;[32mThen &amp#27;[0m&amp#27;[32mthe API response status code should be &amp#27;[0m&amp#27;[32m&amp#27;[1m200&amp#27;[0m         &amp#27;[90m# com.stockbit.automation.steps.BasicApiSteps.verifyStatusCode(int)&amp#27;[0m
  &amp#27;[32mAnd &amp#27;[0m&amp#27;[32mthe API response should contain the following data:&amp#27;[0m &amp#27;[90m# com.stockbit.automation.steps.BasicApiSteps.verifyResponseData(io.cucumber.datatable.DataTable)&amp#27;[0m
    | status | OK  |
    | code   | 200 |
    | total  | 5   |
]]></system-out>
  </testcase>
  <testcase name="FakerAPI Books API Testing - Successfully retrieve books with Indonesian locale" classname="FakerAPI Books API Testing" time="3.258">
    <system-out><![CDATA[
@Regression @Books @Positive
Scenario: Successfully retrieve books with Indonesian locale          &amp#27;[90m# features/books.feature:29&amp#27;[0m
  &amp#27;[32mGiven &amp#27;[0m&amp#27;[32mthe API base URL is &amp#27;[0m&amp#27;[32m&amp#27;[1m"https://fakerapi.it/api/v2"&amp#27;[0m              &amp#27;[90m# com.stockbit.automation.steps.BasicApiSteps.setApiBaseUrl(java.lang.String)&amp#27;[0m
  &amp#27;[32mWhen &amp#27;[0m&amp#27;[32mI send a GET request to API &amp#27;[0m&amp#27;[32m&amp#27;[1m"/books?_quantity=1&_locale=id_ID"&amp#27;[0m &amp#27;[90m# com.stockbit.automation.steps.BasicApiSteps.sendGetRequest(java.lang.String)&amp#27;[0m
  &amp#27;[32mThen &amp#27;[0m&amp#27;[32mthe API response status code should be &amp#27;[0m&amp#27;[32m&amp#27;[1m200&amp#27;[0m                     &amp#27;[90m# com.stockbit.automation.steps.BasicApiSteps.verifyStatusCode(int)&amp#27;[0m
  &amp#27;[32mAnd &amp#27;[0m&amp#27;[32mthe API response should contain the following data:&amp#27;[0m             &amp#27;[90m# com.stockbit.automation.steps.BasicApiSteps.verifyResponseData(io.cucumber.datatable.DataTable)&amp#27;[0m
    | status | OK    |
    | code   | 200   |
    | locale | id_ID |
    | total  | 1     |
]]></system-out>
  </testcase>
  <testcase name="FakerAPI Books API Testing - Successfully retrieve books with a specific seed" classname="FakerAPI Books API Testing" time="15.61">
    <system-out><![CDATA[
@Regression @Books @Positive
Scenario: Successfully retrieve books with a specific seed          &amp#27;[90m# features/books.feature:39&amp#27;[0m
  &amp#27;[32mGiven &amp#27;[0m&amp#27;[32mthe API base URL is &amp#27;[0m&amp#27;[32m&amp#27;[1m"https://fakerapi.it/api/v2"&amp#27;[0m            &amp#27;[90m# com.stockbit.automation.steps.BasicApiSteps.setApiBaseUrl(java.lang.String)&amp#27;[0m
  &amp#27;[32mWhen &amp#27;[0m&amp#27;[32mI send a GET request to API &amp#27;[0m&amp#27;[32m&amp#27;[1m"/books?_quantity=1&_seed=12345"&amp#27;[0m &amp#27;[90m# com.stockbit.automation.steps.BasicApiSteps.sendGetRequest(java.lang.String)&amp#27;[0m
  &amp#27;[32mThen &amp#27;[0m&amp#27;[32mthe API response status code should be &amp#27;[0m&amp#27;[32m&amp#27;[1m200&amp#27;[0m                   &amp#27;[90m# com.stockbit.automation.steps.BasicApiSteps.verifyStatusCode(int)&amp#27;[0m
  &amp#27;[32mAnd &amp#27;[0m&amp#27;[32mthe API response should contain the following data:&amp#27;[0m           &amp#27;[90m# com.stockbit.automation.steps.BasicApiSteps.verifyResponseData(io.cucumber.datatable.DataTable)&amp#27;[0m
    | status | OK    |
    | code   | 200   |
    | seed   | 12345 |
    | total  | 1     |
]]></system-out>
  </testcase>
  <testcase name="FakerAPI Books API Testing - Verify book data structure" classname="FakerAPI Books API Testing" time="1.735">
    <system-out><![CDATA[
@Regression @Books @Positive
Scenario: Verify book data structure                              &amp#27;[90m# features/books.feature:49&amp#27;[0m
  &amp#27;[32mGiven &amp#27;[0m&amp#27;[32mthe API base URL is &amp#27;[0m&amp#27;[32m&amp#27;[1m"https://fakerapi.it/api/v2"&amp#27;[0m          &amp#27;[90m# com.stockbit.automation.steps.BasicApiSteps.setApiBaseUrl(java.lang.String)&amp#27;[0m
  &amp#27;[32mWhen &amp#27;[0m&amp#27;[32mI send a GET request to API &amp#27;[0m&amp#27;[32m&amp#27;[1m"/books?_quantity=1"&amp#27;[0m           &amp#27;[90m# com.stockbit.automation.steps.BasicApiSteps.sendGetRequest(java.lang.String)&amp#27;[0m
  &amp#27;[32mThen &amp#27;[0m&amp#27;[32mthe API response status code should be &amp#27;[0m&amp#27;[32m&amp#27;[1m200&amp#27;[0m                 &amp#27;[90m# com.stockbit.automation.steps.BasicApiSteps.verifyStatusCode(int)&amp#27;[0m
  &amp#27;[32mAnd &amp#27;[0m&amp#27;[32meach book in the response should have the following fields:&amp#27;[0m &amp#27;[90m# com.stockbit.automation.steps.BookStep.verifyBookFields(io.cucumber.datatable.DataTable)&amp#27;[0m
    | title       |
    | author      |
    | genre       |
    | description |
    | isbn        |
    | published   |
    | publisher   |
]]></system-out>
  </testcase>
  <testcase name="FakerAPI Books API Testing - Request get book with invalid locale parameter" classname="FakerAPI Books API Testing" time="1.717">
    <system-out><![CDATA[
@Regression @Books @Negative
Scenario: Request get book with invalid locale parameter                       &amp#27;[90m# features/books.feature:62&amp#27;[0m
  &amp#27;[32mGiven &amp#27;[0m&amp#27;[32mthe API base URL is &amp#27;[0m&amp#27;[32m&amp#27;[1m"https://fakerapi.it/api/v2"&amp#27;[0m                       &amp#27;[90m# com.stockbit.automation.steps.BasicApiSteps.setApiBaseUrl(java.lang.String)&amp#27;[0m
  &amp#27;[32mWhen &amp#27;[0m&amp#27;[32mI send a GET request to API &amp#27;[0m&amp#27;[32m&amp#27;[1m"/books?_quantity=1&_locale=invalid_locale"&amp#27;[0m &amp#27;[90m# com.stockbit.automation.steps.BasicApiSteps.sendGetRequest(java.lang.String)&amp#27;[0m
  &amp#27;[32mThen &amp#27;[0m&amp#27;[32mthe API response status code should be &amp#27;[0m&amp#27;[32m&amp#27;[1m200&amp#27;[0m                              &amp#27;[90m# com.stockbit.automation.steps.BasicApiSteps.verifyStatusCode(int)&amp#27;[0m
  &amp#27;[32mAnd &amp#27;[0m&amp#27;[32mthe API response should contain the following data:&amp#27;[0m                      &amp#27;[90m# com.stockbit.automation.steps.BasicApiSteps.verifyResponseData(io.cucumber.datatable.DataTable)&amp#27;[0m
    | status | OK    |
    | code   | 200   |
    | locale | en_US |
]]></system-out>
  </testcase>
  <testcase name="FakerAPI Books API Testing - Request get book with excessive quantity" classname="FakerAPI Books API Testing" time="5.774">
    <system-out><![CDATA[
@Regression @Books @Negative
Scenario: Request get book with excessive quantity         &amp#27;[90m# features/books.feature:71&amp#27;[0m
  &amp#27;[32mGiven &amp#27;[0m&amp#27;[32mthe API base URL is &amp#27;[0m&amp#27;[32m&amp#27;[1m"https://fakerapi.it/api/v2"&amp#27;[0m   &amp#27;[90m# com.stockbit.automation.steps.BasicApiSteps.setApiBaseUrl(java.lang.String)&amp#27;[0m
  &amp#27;[32mWhen &amp#27;[0m&amp#27;[32mI send a GET request to API &amp#27;[0m&amp#27;[32m&amp#27;[1m"/books?_quantity=2000"&amp#27;[0m &amp#27;[90m# com.stockbit.automation.steps.BasicApiSteps.sendGetRequest(java.lang.String)&amp#27;[0m
  &amp#27;[32mThen &amp#27;[0m&amp#27;[32mthe API response status code should be &amp#27;[0m&amp#27;[32m&amp#27;[1m200&amp#27;[0m          &amp#27;[90m# com.stockbit.automation.steps.BasicApiSteps.verifyStatusCode(int)&amp#27;[0m
  &amp#27;[32mAnd &amp#27;[0m&amp#27;[32mthe API response should contain the following data:&amp#27;[0m  &amp#27;[90m# com.stockbit.automation.steps.BasicApiSteps.verifyResponseData(io.cucumber.datatable.DataTable)&amp#27;[0m
    | status | OK   |
    | code   | 200  |
    | total  | 1000 |
]]></system-out>
  </testcase>
  <testcase name="FakerAPI Books API Testing - Request get book with negative quantity" classname="FakerAPI Books API Testing" time="1.707">
    <system-out><![CDATA[
@Regression @Books @Negative
Scenario: Request get book with negative quantity         &amp#27;[90m# features/books.feature:80&amp#27;[0m
  &amp#27;[32mGiven &amp#27;[0m&amp#27;[32mthe API base URL is &amp#27;[0m&amp#27;[32m&amp#27;[1m"https://fakerapi.it/api/v2"&amp#27;[0m  &amp#27;[90m# com.stockbit.automation.steps.BasicApiSteps.setApiBaseUrl(java.lang.String)&amp#27;[0m
  &amp#27;[32mWhen &amp#27;[0m&amp#27;[32mI send a GET request to API &amp#27;[0m&amp#27;[32m&amp#27;[1m"/books?_quantity=-5"&amp#27;[0m  &amp#27;[90m# com.stockbit.automation.steps.BasicApiSteps.sendGetRequest(java.lang.String)&amp#27;[0m
  &amp#27;[32mThen &amp#27;[0m&amp#27;[32mthe API response status code should be &amp#27;[0m&amp#27;[32m&amp#27;[1m200&amp#27;[0m         &amp#27;[90m# com.stockbit.automation.steps.BasicApiSteps.verifyStatusCode(int)&amp#27;[0m
  &amp#27;[32mAnd &amp#27;[0m&amp#27;[32mthe API response should contain the following data:&amp#27;[0m &amp#27;[90m# com.stockbit.automation.steps.BasicApiSteps.verifyResponseData(io.cucumber.datatable.DataTable)&amp#27;[0m
    | status | OK  |
    | code   | 200 |
]]></system-out>
  </testcase>
  <testcase name="FakerAPI Books API Testing - Request get book with zero quantity" classname="FakerAPI Books API Testing" time="2.116">
    <system-out><![CDATA[
@Regression @Books @Negative
Scenario: Request get book with zero quantity             &amp#27;[90m# features/books.feature:88&amp#27;[0m
  &amp#27;[32mGiven &amp#27;[0m&amp#27;[32mthe API base URL is &amp#27;[0m&amp#27;[32m&amp#27;[1m"https://fakerapi.it/api/v2"&amp#27;[0m  &amp#27;[90m# com.stockbit.automation.steps.BasicApiSteps.setApiBaseUrl(java.lang.String)&amp#27;[0m
  &amp#27;[32mWhen &amp#27;[0m&amp#27;[32mI send a GET request to API &amp#27;[0m&amp#27;[32m&amp#27;[1m"/books?_quantity=0"&amp#27;[0m   &amp#27;[90m# com.stockbit.automation.steps.BasicApiSteps.sendGetRequest(java.lang.String)&amp#27;[0m
  &amp#27;[32mThen &amp#27;[0m&amp#27;[32mthe API response status code should be &amp#27;[0m&amp#27;[32m&amp#27;[1m200&amp#27;[0m         &amp#27;[90m# com.stockbit.automation.steps.BasicApiSteps.verifyStatusCode(int)&amp#27;[0m
  &amp#27;[32mAnd &amp#27;[0m&amp#27;[32mthe API response should contain the following data:&amp#27;[0m &amp#27;[90m# com.stockbit.automation.steps.BasicApiSteps.verifyResponseData(io.cucumber.datatable.DataTable)&amp#27;[0m
    | status | OK  |
    | code   | 200 |
]]></system-out>
  </testcase>
  <testcase name="FakerAPI Books API Testing - Request get book with non-integer quantity" classname="FakerAPI Books API Testing" time="1.667">
    <system-out><![CDATA[
@Regression @Books @Negative
Scenario: Request get book with non-integer quantity      &amp#27;[90m# features/books.feature:96&amp#27;[0m
  &amp#27;[32mGiven &amp#27;[0m&amp#27;[32mthe API base URL is &amp#27;[0m&amp#27;[32m&amp#27;[1m"https://fakerapi.it/api/v2"&amp#27;[0m  &amp#27;[90m# com.stockbit.automation.steps.BasicApiSteps.setApiBaseUrl(java.lang.String)&amp#27;[0m
  &amp#27;[32mWhen &amp#27;[0m&amp#27;[32mI send a GET request to API &amp#27;[0m&amp#27;[32m&amp#27;[1m"/books?_quantity=abc"&amp#27;[0m &amp#27;[90m# com.stockbit.automation.steps.BasicApiSteps.sendGetRequest(java.lang.String)&amp#27;[0m
  &amp#27;[32mThen &amp#27;[0m&amp#27;[32mthe API response status code should be &amp#27;[0m&amp#27;[32m&amp#27;[1m200&amp#27;[0m         &amp#27;[90m# com.stockbit.automation.steps.BasicApiSteps.verifyStatusCode(int)&amp#27;[0m
  &amp#27;[32mAnd &amp#27;[0m&amp#27;[32mthe API response should contain the following data:&amp#27;[0m &amp#27;[90m# com.stockbit.automation.steps.BasicApiSteps.verifyResponseData(io.cucumber.datatable.DataTable)&amp#27;[0m
    | status | OK  |
    | code   | 200 |
]]></system-out>
  </testcase>
  <testcase name="Companies API - Successfully retrieve companies list" classname="Companies API" time="1.524">
    <system-out><![CDATA[
@Regression @Companies @Positive
Scenario: Successfully retrieve companies list              &amp#27;[90m# features/companies.feature:10&amp#27;[0m
  &amp#27;[32mGiven &amp#27;[0m&amp#27;[32mthe API base URL is &amp#27;[0m&amp#27;[32m&amp#27;[1m"https://fakerapi.it/api/v2"&amp#27;[0m    &amp#27;[90m# com.stockbit.automation.steps.BasicApiSteps.setApiBaseUrl(java.lang.String)&amp#27;[0m
  &amp#27;[32mWhen &amp#27;[0m&amp#27;[32mI send a GET request to API &amp#27;[0m&amp#27;[32m&amp#27;[1m"/companies?_quantity=1"&amp#27;[0m &amp#27;[90m# com.stockbit.automation.steps.BasicApiSteps.sendGetRequest(java.lang.String)&amp#27;[0m
  &amp#27;[32mThen &amp#27;[0m&amp#27;[32mthe API response status code should be &amp#27;[0m&amp#27;[32m&amp#27;[1m200&amp#27;[0m           &amp#27;[90m# com.stockbit.automation.steps.BasicApiSteps.verifyStatusCode(int)&amp#27;[0m
  &amp#27;[32mAnd &amp#27;[0m&amp#27;[32mthe API response should contain the following data:&amp#27;[0m   &amp#27;[90m# com.stockbit.automation.steps.BasicApiSteps.verifyResponseData(io.cucumber.datatable.DataTable)&amp#27;[0m
    | status | OK  |
    | code   | 200 |
    | total  | 1   |
]]></system-out>
  </testcase>
  <testcase name="Companies API - Successfully retrieve company with default locale" classname="Companies API" time="1.565">
    <system-out><![CDATA[
@Regression @Companies @Positive
Scenario: Successfully retrieve company with default locale &amp#27;[90m# features/companies.feature:19&amp#27;[0m
  &amp#27;[32mGiven &amp#27;[0m&amp#27;[32mthe API base URL is &amp#27;[0m&amp#27;[32m&amp#27;[1m"https://fakerapi.it/api/v2"&amp#27;[0m    &amp#27;[90m# com.stockbit.automation.steps.BasicApiSteps.setApiBaseUrl(java.lang.String)&amp#27;[0m
  &amp#27;[32mWhen &amp#27;[0m&amp#27;[32mI send a GET request to API &amp#27;[0m&amp#27;[32m&amp#27;[1m"/companies?_quantity=1"&amp#27;[0m &amp#27;[90m# com.stockbit.automation.steps.BasicApiSteps.sendGetRequest(java.lang.String)&amp#27;[0m
  &amp#27;[32mThen &amp#27;[0m&amp#27;[32mthe API response status code should be &amp#27;[0m&amp#27;[32m&amp#27;[1m200&amp#27;[0m           &amp#27;[90m# com.stockbit.automation.steps.BasicApiSteps.verifyStatusCode(int)&amp#27;[0m
  &amp#27;[32mAnd &amp#27;[0m&amp#27;[32mthe API response should contain the following data:&amp#27;[0m   &amp#27;[90m# com.stockbit.automation.steps.BasicApiSteps.verifyResponseData(io.cucumber.datatable.DataTable)&amp#27;[0m
    | status | OK    |
    | code   | 200   |
    | total  | 1     |
    | locale | en_US |
]]></system-out>
  </testcase>
  <testcase name="Companies API - Successfully retrieve multiple companies" classname="Companies API" time="2.845">
    <system-out><![CDATA[
@Regression @Companies @Positive
Scenario: Successfully retrieve multiple companies          &amp#27;[90m# features/companies.feature:29&amp#27;[0m
  &amp#27;[32mGiven &amp#27;[0m&amp#27;[32mthe API base URL is &amp#27;[0m&amp#27;[32m&amp#27;[1m"https://fakerapi.it/api/v2"&amp#27;[0m    &amp#27;[90m# com.stockbit.automation.steps.BasicApiSteps.setApiBaseUrl(java.lang.String)&amp#27;[0m
  &amp#27;[32mWhen &amp#27;[0m&amp#27;[32mI send a GET request to API &amp#27;[0m&amp#27;[32m&amp#27;[1m"/companies?_quantity=5"&amp#27;[0m &amp#27;[90m# com.stockbit.automation.steps.BasicApiSteps.sendGetRequest(java.lang.String)&amp#27;[0m
  &amp#27;[32mThen &amp#27;[0m&amp#27;[32mthe API response status code should be &amp#27;[0m&amp#27;[32m&amp#27;[1m200&amp#27;[0m           &amp#27;[90m# com.stockbit.automation.steps.BasicApiSteps.verifyStatusCode(int)&amp#27;[0m
  &amp#27;[32mAnd &amp#27;[0m&amp#27;[32mthe API response should contain the following data:&amp#27;[0m   &amp#27;[90m# com.stockbit.automation.steps.BasicApiSteps.verifyResponseData(io.cucumber.datatable.DataTable)&amp#27;[0m
    | status | OK  |
    | code   | 200 |
    | total  | 5   |
]]></system-out>
  </testcase>
  <testcase name="Companies API - Successfully retrieve companies with Indonesian locale" classname="Companies API" time="1.708">
    <system-out><![CDATA[
@Regression @Companies @Positive
Scenario: Successfully retrieve companies with Indonesian locale          &amp#27;[90m# features/companies.feature:38&amp#27;[0m
  &amp#27;[32mGiven &amp#27;[0m&amp#27;[32mthe API base URL is &amp#27;[0m&amp#27;[32m&amp#27;[1m"https://fakerapi.it/api/v2"&amp#27;[0m                  &amp#27;[90m# com.stockbit.automation.steps.BasicApiSteps.setApiBaseUrl(java.lang.String)&amp#27;[0m
  &amp#27;[32mWhen &amp#27;[0m&amp#27;[32mI send a GET request to API &amp#27;[0m&amp#27;[32m&amp#27;[1m"/companies?_quantity=1&_locale=id_ID"&amp#27;[0m &amp#27;[90m# com.stockbit.automation.steps.BasicApiSteps.sendGetRequest(java.lang.String)&amp#27;[0m
  &amp#27;[32mThen &amp#27;[0m&amp#27;[32mthe API response status code should be &amp#27;[0m&amp#27;[32m&amp#27;[1m200&amp#27;[0m                         &amp#27;[90m# com.stockbit.automation.steps.BasicApiSteps.verifyStatusCode(int)&amp#27;[0m
  &amp#27;[32mAnd &amp#27;[0m&amp#27;[32mthe API response should contain the following data:&amp#27;[0m                 &amp#27;[90m# com.stockbit.automation.steps.BasicApiSteps.verifyResponseData(io.cucumber.datatable.DataTable)&amp#27;[0m
    | status | OK    |
    | code   | 200   |
    | locale | id_ID |
    | total  | 1     |
]]></system-out>
  </testcase>
  <testcase name="Companies API - Successfully retrieve companies with a specific seed" classname="Companies API" time="4.027">
    <system-out><![CDATA[
@Regression @Companies @Positive
Scenario: Successfully retrieve companies with a specific seed          &amp#27;[90m# features/companies.feature:48&amp#27;[0m
  &amp#27;[32mGiven &amp#27;[0m&amp#27;[32mthe API base URL is &amp#27;[0m&amp#27;[32m&amp#27;[1m"https://fakerapi.it/api/v2"&amp#27;[0m                &amp#27;[90m# com.stockbit.automation.steps.BasicApiSteps.setApiBaseUrl(java.lang.String)&amp#27;[0m
  &amp#27;[32mWhen &amp#27;[0m&amp#27;[32mI send a GET request to API &amp#27;[0m&amp#27;[32m&amp#27;[1m"/companies?_quantity=1&_seed=12345"&amp#27;[0m &amp#27;[90m# com.stockbit.automation.steps.BasicApiSteps.sendGetRequest(java.lang.String)&amp#27;[0m
  &amp#27;[32mThen &amp#27;[0m&amp#27;[32mthe API response status code should be &amp#27;[0m&amp#27;[32m&amp#27;[1m200&amp#27;[0m                       &amp#27;[90m# com.stockbit.automation.steps.BasicApiSteps.verifyStatusCode(int)&amp#27;[0m
  &amp#27;[32mAnd &amp#27;[0m&amp#27;[32mthe API response should contain the following data:&amp#27;[0m               &amp#27;[90m# com.stockbit.automation.steps.BasicApiSteps.verifyResponseData(io.cucumber.datatable.DataTable)&amp#27;[0m
    | status | OK    |
    | code   | 200   |
    | seed   | 12345 |
    | total  | 1     |
]]></system-out>
  </testcase>
  <testcase name="Companies API - Verify company data structure" classname="Companies API" time="4.108">
    <system-out><![CDATA[
@Regression @Companies @Positive
Scenario: Verify company data structure                     &amp#27;[90m# features/companies.feature:58&amp#27;[0m
  &amp#27;[32mGiven &amp#27;[0m&amp#27;[32mthe API base URL is &amp#27;[0m&amp#27;[32m&amp#27;[1m"https://fakerapi.it/api/v2"&amp#27;[0m    &amp#27;[90m# com.stockbit.automation.steps.BasicApiSteps.setApiBaseUrl(java.lang.String)&amp#27;[0m
  &amp#27;[32mWhen &amp#27;[0m&amp#27;[32mI send a GET request to API &amp#27;[0m&amp#27;[32m&amp#27;[1m"/companies?_quantity=1"&amp#27;[0m &amp#27;[90m# com.stockbit.automation.steps.BasicApiSteps.sendGetRequest(java.lang.String)&amp#27;[0m
  &amp#27;[32mThen &amp#27;[0m&amp#27;[32mthe API response status code should be &amp#27;[0m&amp#27;[32m&amp#27;[1m200&amp#27;[0m           &amp#27;[90m# com.stockbit.automation.steps.BasicApiSteps.verifyStatusCode(int)&amp#27;[0m
  &amp#27;[32mAnd &amp#27;[0m&amp#27;[32meach the response should have the following fields:&amp#27;[0m   &amp#27;[90m# com.stockbit.automation.steps.BasicApiSteps.verifyFields(io.cucumber.datatable.DataTable)&amp#27;[0m
    | name      |
    | email     |
    | vat       |
    | phone     |
    | country   |
    | addresses |
    | website   |
    | contact   |
]]></system-out>
  </testcase>
  <testcase name="Companies API - Request get companies with invalid locale parameter" classname="Companies API" time="1.692">
    <system-out><![CDATA[
@Regression @Companies @Negative
Scenario: Request get companies with invalid locale parameter                      &amp#27;[90m# features/companies.feature:72&amp#27;[0m
  &amp#27;[32mGiven &amp#27;[0m&amp#27;[32mthe API base URL is &amp#27;[0m&amp#27;[32m&amp#27;[1m"https://fakerapi.it/api/v2"&amp#27;[0m                           &amp#27;[90m# com.stockbit.automation.steps.BasicApiSteps.setApiBaseUrl(java.lang.String)&amp#27;[0m
  &amp#27;[32mWhen &amp#27;[0m&amp#27;[32mI send a GET request to API &amp#27;[0m&amp#27;[32m&amp#27;[1m"/companies?_quantity=1&_locale=invalid_locale"&amp#27;[0m &amp#27;[90m# com.stockbit.automation.steps.BasicApiSteps.sendGetRequest(java.lang.String)&amp#27;[0m
  &amp#27;[32mThen &amp#27;[0m&amp#27;[32mthe API response status code should be &amp#27;[0m&amp#27;[32m&amp#27;[1m200&amp#27;[0m                                  &amp#27;[90m# com.stockbit.automation.steps.BasicApiSteps.verifyStatusCode(int)&amp#27;[0m
  &amp#27;[32mAnd &amp#27;[0m&amp#27;[32mthe API response should contain the following data:&amp#27;[0m                          &amp#27;[90m# com.stockbit.automation.steps.BasicApiSteps.verifyResponseData(io.cucumber.datatable.DataTable)&amp#27;[0m
    | status | OK    |
    | code   | 200   |
    | locale | en_US |
]]></system-out>
  </testcase>
  <testcase name="Companies API - Request get companies with excessive quantity" classname="Companies API" time="10.284">
    <system-out><![CDATA[
@Regression @Companies @Negative
Scenario: Request get companies with excessive quantity        &amp#27;[90m# features/companies.feature:81&amp#27;[0m
  &amp#27;[32mGiven &amp#27;[0m&amp#27;[32mthe API base URL is &amp#27;[0m&amp#27;[32m&amp#27;[1m"https://fakerapi.it/api/v2"&amp#27;[0m       &amp#27;[90m# com.stockbit.automation.steps.BasicApiSteps.setApiBaseUrl(java.lang.String)&amp#27;[0m
  &amp#27;[32mWhen &amp#27;[0m&amp#27;[32mI send a GET request to API &amp#27;[0m&amp#27;[32m&amp#27;[1m"/companies?_quantity=2000"&amp#27;[0m &amp#27;[90m# com.stockbit.automation.steps.BasicApiSteps.sendGetRequest(java.lang.String)&amp#27;[0m
  &amp#27;[32mThen &amp#27;[0m&amp#27;[32mthe API response status code should be &amp#27;[0m&amp#27;[32m&amp#27;[1m200&amp#27;[0m              &amp#27;[90m# com.stockbit.automation.steps.BasicApiSteps.verifyStatusCode(int)&amp#27;[0m
  &amp#27;[32mAnd &amp#27;[0m&amp#27;[32mthe API response should contain the following data:&amp#27;[0m      &amp#27;[90m# com.stockbit.automation.steps.BasicApiSteps.verifyResponseData(io.cucumber.datatable.DataTable)&amp#27;[0m
    | status | OK   |
    | code   | 200  |
    | total  | 1000 |
]]></system-out>
  </testcase>
  <testcase name="Companies API - Request get companies with negative quantity" classname="Companies API" time="13.244">
    <system-out><![CDATA[
@Regression @Companies @Negative
Scenario: Request get companies with negative quantity       &amp#27;[90m# features/companies.feature:90&amp#27;[0m
  &amp#27;[32mGiven &amp#27;[0m&amp#27;[32mthe API base URL is &amp#27;[0m&amp#27;[32m&amp#27;[1m"https://fakerapi.it/api/v2"&amp#27;[0m     &amp#27;[90m# com.stockbit.automation.steps.BasicApiSteps.setApiBaseUrl(java.lang.String)&amp#27;[0m
  &amp#27;[32mWhen &amp#27;[0m&amp#27;[32mI send a GET request to API &amp#27;[0m&amp#27;[32m&amp#27;[1m"/companies?_quantity=-5"&amp#27;[0m &amp#27;[90m# com.stockbit.automation.steps.BasicApiSteps.sendGetRequest(java.lang.String)&amp#27;[0m
  &amp#27;[32mThen &amp#27;[0m&amp#27;[32mthe API response status code should be &amp#27;[0m&amp#27;[32m&amp#27;[1m200&amp#27;[0m            &amp#27;[90m# com.stockbit.automation.steps.BasicApiSteps.verifyStatusCode(int)&amp#27;[0m
  &amp#27;[32mAnd &amp#27;[0m&amp#27;[32mthe API response should contain the following data:&amp#27;[0m    &amp#27;[90m# com.stockbit.automation.steps.BasicApiSteps.verifyResponseData(io.cucumber.datatable.DataTable)&amp#27;[0m
    | status | OK  |
    | code   | 200 |
    | total  | 10  |
]]></system-out>
  </testcase>
  <testcase name="Companies API - Request get companies with zero quantity" classname="Companies API" time="1.907">
    <system-out><![CDATA[
@Regression @Companies @Negative
Scenario: Request get companies with zero quantity          &amp#27;[90m# features/companies.feature:99&amp#27;[0m
  &amp#27;[32mGiven &amp#27;[0m&amp#27;[32mthe API base URL is &amp#27;[0m&amp#27;[32m&amp#27;[1m"https://fakerapi.it/api/v2"&amp#27;[0m    &amp#27;[90m# com.stockbit.automation.steps.BasicApiSteps.setApiBaseUrl(java.lang.String)&amp#27;[0m
  &amp#27;[32mWhen &amp#27;[0m&amp#27;[32mI send a GET request to API &amp#27;[0m&amp#27;[32m&amp#27;[1m"/companies?_quantity=0"&amp#27;[0m &amp#27;[90m# com.stockbit.automation.steps.BasicApiSteps.sendGetRequest(java.lang.String)&amp#27;[0m
  &amp#27;[32mThen &amp#27;[0m&amp#27;[32mthe API response status code should be &amp#27;[0m&amp#27;[32m&amp#27;[1m200&amp#27;[0m           &amp#27;[90m# com.stockbit.automation.steps.BasicApiSteps.verifyStatusCode(int)&amp#27;[0m
  &amp#27;[32mAnd &amp#27;[0m&amp#27;[32mthe API response should contain the following data:&amp#27;[0m   &amp#27;[90m# com.stockbit.automation.steps.BasicApiSteps.verifyResponseData(io.cucumber.datatable.DataTable)&amp#27;[0m
    | status | OK  |
    | code   | 200 |
    | total  | 10  |
]]></system-out>
  </testcase>
  <testcase name="Users API Testing - Successfully retrieve a single user with default request" classname="Users API Testing" time="1.636">
    <system-out><![CDATA[
@Regression @Users @Positive
Scenario: Successfully retrieve a single user with default request &amp#27;[90m# features/users.feature:10&amp#27;[0m
  &amp#27;[32mGiven &amp#27;[0m&amp#27;[32mthe API base URL is &amp#27;[0m&amp#27;[32m&amp#27;[1m"https://fakerapi.it/api/v2"&amp#27;[0m           &amp#27;[90m# com.stockbit.automation.steps.BasicApiSteps.setApiBaseUrl(java.lang.String)&amp#27;[0m
  &amp#27;[32mWhen &amp#27;[0m&amp#27;[32mI send a GET request to API &amp#27;[0m&amp#27;[32m&amp#27;[1m"/users"&amp#27;[0m                        &amp#27;[90m# com.stockbit.automation.steps.BasicApiSteps.sendGetRequest(java.lang.String)&amp#27;[0m
  &amp#27;[32mThen &amp#27;[0m&amp#27;[32mthe API response status code should be &amp#27;[0m&amp#27;[32m&amp#27;[1m200&amp#27;[0m                  &amp#27;[90m# com.stockbit.automation.steps.BasicApiSteps.verifyStatusCode(int)&amp#27;[0m
  &amp#27;[32mAnd &amp#27;[0m&amp#27;[32mthe API response should contain the following data:&amp#27;[0m          &amp#27;[90m# com.stockbit.automation.steps.BasicApiSteps.verifyResponseData(io.cucumber.datatable.DataTable)&amp#27;[0m
    | status | OK  |
    | code   | 200 |
    | total  | 10  |
]]></system-out>
  </testcase>
  <testcase name="Users API Testing - Successfully retrieve multiple users" classname="Users API Testing" time="3.163">
    <system-out><![CDATA[
@Regression @Users @Positive
Scenario: Successfully retrieve multiple users            &amp#27;[90m# features/users.feature:19&amp#27;[0m
  &amp#27;[32mGiven &amp#27;[0m&amp#27;[32mthe API base URL is &amp#27;[0m&amp#27;[32m&amp#27;[1m"https://fakerapi.it/api/v2"&amp#27;[0m  &amp#27;[90m# com.stockbit.automation.steps.BasicApiSteps.setApiBaseUrl(java.lang.String)&amp#27;[0m
  &amp#27;[32mWhen &amp#27;[0m&amp#27;[32mI send a GET request to API &amp#27;[0m&amp#27;[32m&amp#27;[1m"/users?_quantity=5"&amp#27;[0m   &amp#27;[90m# com.stockbit.automation.steps.BasicApiSteps.sendGetRequest(java.lang.String)&amp#27;[0m
  &amp#27;[32mThen &amp#27;[0m&amp#27;[32mthe API response status code should be &amp#27;[0m&amp#27;[32m&amp#27;[1m200&amp#27;[0m         &amp#27;[90m# com.stockbit.automation.steps.BasicApiSteps.verifyStatusCode(int)&amp#27;[0m
  &amp#27;[32mAnd &amp#27;[0m&amp#27;[32mthe API response should contain the following data:&amp#27;[0m &amp#27;[90m# com.stockbit.automation.steps.BasicApiSteps.verifyResponseData(io.cucumber.datatable.DataTable)&amp#27;[0m
    | status | OK  |
    | code   | 200 |
    | total  | 5   |
]]></system-out>
  </testcase>
  <testcase name="Users API Testing - Successfully retrieve users with Indonesian locale" classname="Users API Testing" time="1.836">
    <system-out><![CDATA[
@Regression @Users @Positive
Scenario: Successfully retrieve users with Indonesian locale          &amp#27;[90m# features/users.feature:28&amp#27;[0m
  &amp#27;[32mGiven &amp#27;[0m&amp#27;[32mthe API base URL is &amp#27;[0m&amp#27;[32m&amp#27;[1m"https://fakerapi.it/api/v2"&amp#27;[0m              &amp#27;[90m# com.stockbit.automation.steps.BasicApiSteps.setApiBaseUrl(java.lang.String)&amp#27;[0m
  &amp#27;[32mWhen &amp#27;[0m&amp#27;[32mI send a GET request to API &amp#27;[0m&amp#27;[32m&amp#27;[1m"/users?_quantity=1&_locale=id_ID"&amp#27;[0m &amp#27;[90m# com.stockbit.automation.steps.BasicApiSteps.sendGetRequest(java.lang.String)&amp#27;[0m
  &amp#27;[32mThen &amp#27;[0m&amp#27;[32mthe API response status code should be &amp#27;[0m&amp#27;[32m&amp#27;[1m200&amp#27;[0m                     &amp#27;[90m# com.stockbit.automation.steps.BasicApiSteps.verifyStatusCode(int)&amp#27;[0m
  &amp#27;[32mAnd &amp#27;[0m&amp#27;[32mthe API response should contain the following data:&amp#27;[0m             &amp#27;[90m# com.stockbit.automation.steps.BasicApiSteps.verifyResponseData(io.cucumber.datatable.DataTable)&amp#27;[0m
    | status | OK    |
    | code   | 200   |
    | locale | id_ID |
    | total  | 1     |
]]></system-out>
  </testcase>
  <testcase name="Users API Testing - Successfully retrieve users with a specific seed" classname="Users API Testing" time="1.65">
    <system-out><![CDATA[
@Regression @Users @Positive
Scenario: Successfully retrieve users with a specific seed          &amp#27;[90m# features/users.feature:38&amp#27;[0m
  &amp#27;[32mGiven &amp#27;[0m&amp#27;[32mthe API base URL is &amp#27;[0m&amp#27;[32m&amp#27;[1m"https://fakerapi.it/api/v2"&amp#27;[0m            &amp#27;[90m# com.stockbit.automation.steps.BasicApiSteps.setApiBaseUrl(java.lang.String)&amp#27;[0m
  &amp#27;[32mWhen &amp#27;[0m&amp#27;[32mI send a GET request to API &amp#27;[0m&amp#27;[32m&amp#27;[1m"/users?_quantity=1&_seed=12345"&amp#27;[0m &amp#27;[90m# com.stockbit.automation.steps.BasicApiSteps.sendGetRequest(java.lang.String)&amp#27;[0m
  &amp#27;[32mThen &amp#27;[0m&amp#27;[32mthe API response status code should be &amp#27;[0m&amp#27;[32m&amp#27;[1m200&amp#27;[0m                   &amp#27;[90m# com.stockbit.automation.steps.BasicApiSteps.verifyStatusCode(int)&amp#27;[0m
  &amp#27;[32mAnd &amp#27;[0m&amp#27;[32mthe API response should contain the following data:&amp#27;[0m           &amp#27;[90m# com.stockbit.automation.steps.BasicApiSteps.verifyResponseData(io.cucumber.datatable.DataTable)&amp#27;[0m
    | status | OK    |
    | code   | 200   |
    | seed   | 12345 |
    | total  | 1     |
]]></system-out>
  </testcase>
  <testcase name="Users API Testing - Successfully retrieve user with specific gender" classname="Users API Testing" time="1.746">
    <system-out><![CDATA[
@Regression @Users @Positive
Scenario: Successfully retrieve user with specific gender              &amp#27;[90m# features/users.feature:48&amp#27;[0m
  &amp#27;[32mGiven &amp#27;[0m&amp#27;[32mthe API base URL is &amp#27;[0m&amp#27;[32m&amp#27;[1m"https://fakerapi.it/api/v2"&amp#27;[0m               &amp#27;[90m# com.stockbit.automation.steps.BasicApiSteps.setApiBaseUrl(java.lang.String)&amp#27;[0m
  &amp#27;[32mWhen &amp#27;[0m&amp#27;[32mI send a GET request to API &amp#27;[0m&amp#27;[32m&amp#27;[1m"/users?gender=_female&_quantity=1"&amp#27;[0m &amp#27;[90m# com.stockbit.automation.steps.BasicApiSteps.sendGetRequest(java.lang.String)&amp#27;[0m
  &amp#27;[32mThen &amp#27;[0m&amp#27;[32mthe API response status code should be &amp#27;[0m&amp#27;[32m&amp#27;[1m200&amp#27;[0m                      &amp#27;[90m# com.stockbit.automation.steps.BasicApiSteps.verifyStatusCode(int)&amp#27;[0m
  &amp#27;[32mAnd &amp#27;[0m&amp#27;[32mthe API response should contain the following data:&amp#27;[0m              &amp#27;[90m# com.stockbit.automation.steps.BasicApiSteps.verifyResponseData(io.cucumber.datatable.DataTable)&amp#27;[0m
    | status | OK  |
    | code   | 200 |
    | total  | 1   |
]]></system-out>
  </testcase>
  <testcase name="Users API Testing - Verify user data structure" classname="Users API Testing" time="1.541">
    <system-out><![CDATA[
@Regression @Users @Positive
Scenario: Verify user data structure                      &amp#27;[90m# features/users.feature:57&amp#27;[0m
  &amp#27;[32mGiven &amp#27;[0m&amp#27;[32mthe API base URL is &amp#27;[0m&amp#27;[32m&amp#27;[1m"https://fakerapi.it/api/v2"&amp#27;[0m  &amp#27;[90m# com.stockbit.automation.steps.BasicApiSteps.setApiBaseUrl(java.lang.String)&amp#27;[0m
  &amp#27;[32mWhen &amp#27;[0m&amp#27;[32mI send a GET request to API &amp#27;[0m&amp#27;[32m&amp#27;[1m"/users?_quantity=1"&amp#27;[0m   &amp#27;[90m# com.stockbit.automation.steps.BasicApiSteps.sendGetRequest(java.lang.String)&amp#27;[0m
  &amp#27;[32mThen &amp#27;[0m&amp#27;[32mthe API response status code should be &amp#27;[0m&amp#27;[32m&amp#27;[1m200&amp#27;[0m         &amp#27;[90m# com.stockbit.automation.steps.BasicApiSteps.verifyStatusCode(int)&amp#27;[0m
  &amp#27;[32mAnd &amp#27;[0m&amp#27;[32meach the response should have the following fields:&amp#27;[0m &amp#27;[90m# com.stockbit.automation.steps.BasicApiSteps.verifyFields(io.cucumber.datatable.DataTable)&amp#27;[0m
    | id         |
    | uuid       |
    | firstname  |
    | lastname   |
    | username   |
    | email      |
    | password   |
    | ip         |
    | macAddress |
    | website    |
    | image      |
]]></system-out>
  </testcase>
  <testcase name="Users API Testing - Request get users with invalid locale parameter" classname="Users API Testing" time="1.677">
    <system-out><![CDATA[
@Regression @Users @Negative
Scenario: Request get users with invalid locale parameter                      &amp#27;[90m# features/users.feature:74&amp#27;[0m
  &amp#27;[32mGiven &amp#27;[0m&amp#27;[32mthe API base URL is &amp#27;[0m&amp#27;[32m&amp#27;[1m"https://fakerapi.it/api/v2"&amp#27;[0m                       &amp#27;[90m# com.stockbit.automation.steps.BasicApiSteps.setApiBaseUrl(java.lang.String)&amp#27;[0m
  &amp#27;[32mWhen &amp#27;[0m&amp#27;[32mI send a GET request to API &amp#27;[0m&amp#27;[32m&amp#27;[1m"/users?_quantity=1&_locale=invalid_locale"&amp#27;[0m &amp#27;[90m# com.stockbit.automation.steps.BasicApiSteps.sendGetRequest(java.lang.String)&amp#27;[0m
  &amp#27;[32mThen &amp#27;[0m&amp#27;[32mthe API response status code should be &amp#27;[0m&amp#27;[32m&amp#27;[1m200&amp#27;[0m                              &amp#27;[90m# com.stockbit.automation.steps.BasicApiSteps.verifyStatusCode(int)&amp#27;[0m
  &amp#27;[32mAnd &amp#27;[0m&amp#27;[32mthe API response should contain the following data:&amp#27;[0m                      &amp#27;[90m# com.stockbit.automation.steps.BasicApiSteps.verifyResponseData(io.cucumber.datatable.DataTable)&amp#27;[0m
    | status | OK    |
    | code   | 200   |
    | locale | en_US |
]]></system-out>
  </testcase>
  <testcase name="Users API Testing - Request get users with invalid gender parameter" classname="Users API Testing" time="1.641">
    <system-out><![CDATA[
@Regression @Users @Negative
Scenario: Request get users with invalid gender parameter          &amp#27;[90m# features/users.feature:83&amp#27;[0m
  &amp#27;[32mGiven &amp#27;[0m&amp#27;[32mthe API base URL is &amp#27;[0m&amp#27;[32m&amp#27;[1m"https://fakerapi.it/api/v2"&amp#27;[0m           &amp#27;[90m# com.stockbit.automation.steps.BasicApiSteps.setApiBaseUrl(java.lang.String)&amp#27;[0m
  &amp#27;[32mWhen &amp#27;[0m&amp#27;[32mI send a GET request to API &amp#27;[0m&amp#27;[32m&amp#27;[1m"/users?_gender=invalid_gender"&amp#27;[0m &amp#27;[90m# com.stockbit.automation.steps.BasicApiSteps.sendGetRequest(java.lang.String)&amp#27;[0m
  &amp#27;[32mThen &amp#27;[0m&amp#27;[32mthe API response status code should be &amp#27;[0m&amp#27;[32m&amp#27;[1m200&amp#27;[0m                  &amp#27;[90m# com.stockbit.automation.steps.BasicApiSteps.verifyStatusCode(int)&amp#27;[0m
  &amp#27;[32mAnd &amp#27;[0m&amp#27;[32mthe API response should contain the following data:&amp#27;[0m          &amp#27;[90m# com.stockbit.automation.steps.BasicApiSteps.verifyResponseData(io.cucumber.datatable.DataTable)&amp#27;[0m
    | status | OK  |
    | code   | 200 |
    | total  | 10  |
]]></system-out>
  </testcase>
  <testcase name="Users API Testing - Request get users with zero quantity" classname="Users API Testing" time="1.979">
    <system-out><![CDATA[
@Regression @Users @Negative
Scenario: Request get users with zero quantity            &amp#27;[90m# features/users.feature:92&amp#27;[0m
  &amp#27;[32mGiven &amp#27;[0m&amp#27;[32mthe API base URL is &amp#27;[0m&amp#27;[32m&amp#27;[1m"https://fakerapi.it/api/v2"&amp#27;[0m  &amp#27;[90m# com.stockbit.automation.steps.BasicApiSteps.setApiBaseUrl(java.lang.String)&amp#27;[0m
  &amp#27;[32mWhen &amp#27;[0m&amp#27;[32mI send a GET request to API &amp#27;[0m&amp#27;[32m&amp#27;[1m"/users?_quantity=0"&amp#27;[0m   &amp#27;[90m# com.stockbit.automation.steps.BasicApiSteps.sendGetRequest(java.lang.String)&amp#27;[0m
  &amp#27;[32mThen &amp#27;[0m&amp#27;[32mthe API response status code should be &amp#27;[0m&amp#27;[32m&amp#27;[1m200&amp#27;[0m         &amp#27;[90m# com.stockbit.automation.steps.BasicApiSteps.verifyStatusCode(int)&amp#27;[0m
  &amp#27;[32mAnd &amp#27;[0m&amp#27;[32mthe API response should contain the following data:&amp#27;[0m &amp#27;[90m# com.stockbit.automation.steps.BasicApiSteps.verifyResponseData(io.cucumber.datatable.DataTable)&amp#27;[0m
    | status | OK  |
    | code   | 200 |
    | total  | 10  |
]]></system-out>
  </testcase>
  <testcase name="Users API Testing - Request get users with negative quantity" classname="Users API Testing" time="2.821">
    <system-out><![CDATA[
@Regression @Users @Negative
Scenario: Request get users with negative quantity        &amp#27;[90m# features/users.feature:101&amp#27;[0m
  &amp#27;[32mGiven &amp#27;[0m&amp#27;[32mthe API base URL is &amp#27;[0m&amp#27;[32m&amp#27;[1m"https://fakerapi.it/api/v2"&amp#27;[0m  &amp#27;[90m# com.stockbit.automation.steps.BasicApiSteps.setApiBaseUrl(java.lang.String)&amp#27;[0m
  &amp#27;[32mWhen &amp#27;[0m&amp#27;[32mI send a GET request to API &amp#27;[0m&amp#27;[32m&amp#27;[1m"/users?_quantity=-5"&amp#27;[0m  &amp#27;[90m# com.stockbit.automation.steps.BasicApiSteps.sendGetRequest(java.lang.String)&amp#27;[0m
  &amp#27;[32mThen &amp#27;[0m&amp#27;[32mthe API response status code should be &amp#27;[0m&amp#27;[32m&amp#27;[1m200&amp#27;[0m         &amp#27;[90m# com.stockbit.automation.steps.BasicApiSteps.verifyStatusCode(int)&amp#27;[0m
  &amp#27;[32mAnd &amp#27;[0m&amp#27;[32mthe API response should contain the following data:&amp#27;[0m &amp#27;[90m# com.stockbit.automation.steps.BasicApiSteps.verifyResponseData(io.cucumber.datatable.DataTable)&amp#27;[0m
    | status | OK  |
    | code   | 200 |
    | total  | 10  |
]]></system-out>
  </testcase>
  <testcase name="Users API Testing - Request get users with excessive quantity" classname="Users API Testing" time="5.859">
    <system-out><![CDATA[
@Regression @Users @Negative
Scenario: Request get users with excessive quantity        &amp#27;[90m# features/users.feature:110&amp#27;[0m
  &amp#27;[32mGiven &amp#27;[0m&amp#27;[32mthe API base URL is &amp#27;[0m&amp#27;[32m&amp#27;[1m"https://fakerapi.it/api/v2"&amp#27;[0m   &amp#27;[90m# com.stockbit.automation.steps.BasicApiSteps.setApiBaseUrl(java.lang.String)&amp#27;[0m
  &amp#27;[32mWhen &amp#27;[0m&amp#27;[32mI send a GET request to API &amp#27;[0m&amp#27;[32m&amp#27;[1m"/users?_quantity=2000"&amp#27;[0m &amp#27;[90m# com.stockbit.automation.steps.BasicApiSteps.sendGetRequest(java.lang.String)&amp#27;[0m
  &amp#27;[32mThen &amp#27;[0m&amp#27;[32mthe API response status code should be &amp#27;[0m&amp#27;[32m&amp#27;[1m200&amp#27;[0m          &amp#27;[90m# com.stockbit.automation.steps.BasicApiSteps.verifyStatusCode(int)&amp#27;[0m
  &amp#27;[32mAnd &amp#27;[0m&amp#27;[32mthe API response should contain the following data:&amp#27;[0m  &amp#27;[90m# com.stockbit.automation.steps.BasicApiSteps.verifyResponseData(io.cucumber.datatable.DataTable)&amp#27;[0m
    | status | OK   |
    | code   | 200  |
    | total  | 1000 |
]]></system-out>
  </testcase>
  <testcase name="Users API Testing - Request get users with invalid seed parameter" classname="Users API Testing" time="1.634">
    <system-out><![CDATA[
@Regression @Users @Negative
Scenario: Request get users with invalid seed parameter                    &amp#27;[90m# features/users.feature:119&amp#27;[0m
  &amp#27;[32mGiven &amp#27;[0m&amp#27;[32mthe API base URL is &amp#27;[0m&amp#27;[32m&amp#27;[1m"https://fakerapi.it/api/v2"&amp#27;[0m                   &amp#27;[90m# com.stockbit.automation.steps.BasicApiSteps.setApiBaseUrl(java.lang.String)&amp#27;[0m
  &amp#27;[32mWhen &amp#27;[0m&amp#27;[32mI send a GET request to API &amp#27;[0m&amp#27;[32m&amp#27;[1m"/users?_quantity=1&_seed=invalid_seed"&amp#27;[0m &amp#27;[90m# com.stockbit.automation.steps.BasicApiSteps.sendGetRequest(java.lang.String)&amp#27;[0m
  &amp#27;[32mThen &amp#27;[0m&amp#27;[32mthe API response status code should be &amp#27;[0m&amp#27;[32m&amp#27;[1m200&amp#27;[0m                          &amp#27;[90m# com.stockbit.automation.steps.BasicApiSteps.verifyStatusCode(int)&amp#27;[0m
  &amp#27;[32mAnd &amp#27;[0m&amp#27;[32mthe API response should contain the following data:&amp#27;[0m                  &amp#27;[90m# com.stockbit.automation.steps.BasicApiSteps.verifyResponseData(io.cucumber.datatable.DataTable)&amp#27;[0m
    | status | OK           |
    | code   | 200          |
    | seed   | invalid_seed |
    | total  | 1            |
]]></system-out>
  </testcase>
</testsuite>